<?xml version="1.0" encoding="UTF-8"?>
<testsuite xmlns:xsi="http://www.w3.org/2001/XMLSchema-instance" xsi:noNamespaceSchemaLocation="https://maven.apache.org/surefire/maven-surefire-plugin/xsd/surefire-test-report.xsd" name="com.saonar.qa.HelloTest" time="0.122" tests="4" errors="0" skipped="0" failures="0">
  <properties>
[...]
</properties>
  <testcase name="sayGoodEvening" classname="com.saonar.qa.HelloTest" time="0.074"/>
  <testcase name="sayGoodNight" classname="com.saonar.qa.HelloTest" time="0.002"/>
  <testcase name="sayGoodMorning" classname="com.saonar.qa.HelloTest" time="0.003"/>
  <testcase name="sayGoodAfternoon" classname="com.saonar.qa.HelloTest" time="0.001"/>
</testsuite>